<?xml version="1.0" encoding="UTF-8"?>
<testng-results skipped="0" failed="0" ignored="0" total="1" passed="1">
  <reporter-output>
  </reporter-output>
  <suite name="Suite" duration-ms="60666" started-at="2021-01-15T06:12:15Z" finished-at="2021-01-15T06:13:15Z">
    <groups>
      <group name="cucumber">
        <method signature="TestRunner.feature(cucumber.api.testng.CucumberFeatureWrapper)[pri:0, instance:Runner.TestRunner@69930714]" name="feature" class="Runner.TestRunner"/>
      </group> <!-- cucumber -->
    </groups>
    <test name="Test" duration-ms="60666" started-at="2021-01-15T06:12:15Z" finished-at="2021-01-15T06:13:15Z">
      <class name="Runner.TestRunner">
        <test-method status="PASS" signature="setUpClass()[pri:0, instance:Runner.TestRunner@69930714]" name="setUpClass" is-config="true" duration-ms="1575" started-at="2021-01-15T06:12:15Z" finished-at="2021-01-15T06:12:16Z">
          <reporter-output>
          </reporter-output>
        </test-method> <!-- setUpClass -->
        <test-method status="PASS" signature="feature(cucumber.api.testng.CucumberFeatureWrapper)[pri:0, instance:Runner.TestRunner@69930714]" name="feature" duration-ms="58428" started-at="2021-01-15T06:12:17Z" description="Runs Cucumber Feature" data-provider="features" finished-at="2021-01-15T06:13:15Z">
          <params>
            <param index="0">
              <value>
                <![CDATA[Free Crm Application Test]]>
              </value>
            </param>
          </params>
          <reporter-output>
          </reporter-output>
        </test-method> <!-- feature -->
        <test-method status="PASS" signature="tearDownClass()[pri:0, instance:Runner.TestRunner@69930714]" name="tearDownClass" is-config="true" duration-ms="71" started-at="2021-01-15T06:13:15Z" finished-at="2021-01-15T06:13:15Z">
          <reporter-output>
          </reporter-output>
        </test-method> <!-- tearDownClass -->
      </class> <!-- Runner.TestRunner -->
    </test> <!-- Test -->
  </suite> <!-- Suite -->
</testng-results>
