<?xml version="1.0" encoding="UTF-8"?>
<testng-results skipped="0" failed="0" ignored="0" total="1" passed="1">
  <reporter-output>
  </reporter-output>
  <suite name="Default suite" duration-ms="95644" started-at="2021-01-15T06:00:38Z" finished-at="2021-01-15T06:02:14Z">
    <groups>
      <group name="cucumber">
        <method signature="TestRunner.feature(cucumber.api.testng.CucumberFeatureWrapper)[pri:0, instance:Runner.TestRunner@4b14c583]" name="feature" class="Runner.TestRunner"/>
      </group> <!-- cucumber -->
    </groups>
    <test name="Default test" duration-ms="95644" started-at="2021-01-15T06:00:38Z" finished-at="2021-01-15T06:02:14Z">
      <class name="Runner.TestRunner">
        <test-method status="PASS" signature="setUpClass()[pri:0, instance:Runner.TestRunner@4b14c583]" name="setUpClass" is-config="true" duration-ms="1486" started-at="2021-01-15T06:00:38Z" finished-at="2021-01-15T06:00:40Z">
          <reporter-output>
          </reporter-output>
        </test-method> <!-- setUpClass -->
        <test-method status="PASS" signature="feature(cucumber.api.testng.CucumberFeatureWrapper)[pri:0, instance:Runner.TestRunner@4b14c583]" name="feature" duration-ms="93480" started-at="2021-01-15T06:00:40Z" description="Runs Cucumber Feature" data-provider="features" finished-at="2021-01-15T06:02:14Z">
          <params>
            <param index="0">
              <value>
                <![CDATA[Free Crm Application Test]]>
              </value>
            </param>
          </params>
          <reporter-output>
          </reporter-output>
        </test-method> <!-- feature -->
        <test-method status="PASS" signature="tearDownClass()[pri:0, instance:Runner.TestRunner@4b14c583]" name="tearDownClass" is-config="true" duration-ms="94" started-at="2021-01-15T06:02:14Z" finished-at="2021-01-15T06:02:14Z">
          <reporter-output>
          </reporter-output>
        </test-method> <!-- tearDownClass -->
      </class> <!-- Runner.TestRunner -->
    </test> <!-- Default test -->
  </suite> <!-- Default suite -->
</testng-results>
